Flow report for esmaga_senha
Mon May 24 19:22:48 2021
Quartus II 64-Bit Version 13.0.0 Build 156 04/24/2013 SJ Web Edition


---------------------
; Table of Contents ;
---------------------
  1. Legal Notice
  2. Flow Summary
  3. Flow Settings
  4. Flow Non-Default Global Settings
  5. Flow Elapsed Time
  6. Flow OS Summary
  7. Flow Log
  8. Flow Messages
  9. Flow Suppressed Messages



----------------
; Legal Notice ;
----------------
Copyright (C) 1991-2013 Altera Corporation
Your use of Altera Corporation's design tools, logic functions 
and other software and tools, and its AMPP partner logic 
functions, and any output files from any of the foregoing 
(including device programming or simulation files), and any 
associated documentation or information are expressly subject 
to the terms and conditions of the Altera Program License 
Subscription Agreement, Altera MegaCore Function License 
Agreement, or other applicable license agreement, including, 
without limitation, that your use is for the sole purpose of 
programming logic devices manufactured by Altera and sold by 
Altera or its authorized distributors.  Please refer to the 
applicable agreement for further details.



+---------------------------------------------------------------------------------+
; Flow Summary                                                                    ;
+------------------------------------+--------------------------------------------+
; Flow Status                        ; Successful - Mon May 24 19:22:48 2021      ;
; Quartus II 64-Bit Version          ; 13.0.0 Build 156 04/24/2013 SJ Web Edition ;
; Revision Name                      ; esmaga_senha                               ;
; Top-level Entity Name              ; esmaga_senha                               ;
; Family                             ; Cyclone III                                ;
; Device                             ; EP3C16F484C6                               ;
; Timing Models                      ; Final                                      ;
; Total logic elements               ; 14,763 / 15,408 ( 96 % )                   ;
;     Total combinational functions  ; 14,622 / 15,408 ( 95 % )                   ;
;     Dedicated logic registers      ; 1,452 / 15,408 ( 9 % )                     ;
; Total registers                    ; 1452                                       ;
; Total pins                         ; 21 / 347 ( 6 % )                           ;
; Total virtual pins                 ; 0                                          ;
; Total memory bits                  ; 0 / 516,096 ( 0 % )                        ;
; Embedded Multiplier 9-bit elements ; 0 / 112 ( 0 % )                            ;
; Total PLLs                         ; 0 / 4 ( 0 % )                              ;
+------------------------------------+--------------------------------------------+


+-----------------------------------------+
; Flow Settings                           ;
+-------------------+---------------------+
; Option            ; Setting             ;
+-------------------+---------------------+
; Start date & time ; 05/24/2021 19:18:02 ;
; Main task         ; Compilation         ;
; Revision Name     ; esmaga_senha        ;
+-------------------+---------------------+


+-------------------------------------------------------------------------------------------------------------+
; Flow Non-Default Global Settings                                                                            ;
+-------------------------------------+------------------------+---------------+-------------+----------------+
; Assignment Name                     ; Value                  ; Default Value ; Entity Name ; Section Id     ;
+-------------------------------------+------------------------+---------------+-------------+----------------+
; COMPILER_SIGNATURE_ID               ; 0.162189468213881      ; --            ; --          ; --             ;
; EDA_OUTPUT_DATA_FORMAT              ; Vhdl                   ; --            ; --          ; eda_simulation ;
; EDA_SIMULATION_TOOL                 ; ModelSim-Altera (VHDL) ; <None>        ; --          ; --             ;
; MAX_CORE_JUNCTION_TEMP              ; 85                     ; --            ; --          ; --             ;
; MIN_CORE_JUNCTION_TEMP              ; 0                      ; --            ; --          ; --             ;
; NOMINAL_CORE_SUPPLY_VOLTAGE         ; 1.2V                   ; --            ; --          ; --             ;
; PARTITION_COLOR                     ; 16764057               ; --            ; --          ; Top            ;
; PARTITION_FITTER_PRESERVATION_LEVEL ; PLACEMENT_AND_ROUTING  ; --            ; --          ; Top            ;
; PARTITION_NETLIST_TYPE              ; SOURCE                 ; --            ; --          ; Top            ;
; PROJECT_OUTPUT_DIRECTORY            ; output_files           ; --            ; --          ; --             ;
+-------------------------------------+------------------------+---------------+-------------+----------------+


+-------------------------------------------------------------------------------------------------------------------------------+
; Flow Elapsed Time                                                                                                             ;
+---------------------------+--------------+-------------------------+---------------------+------------------------------------+
; Module Name               ; Elapsed Time ; Average Processors Used ; Peak Virtual Memory ; Total CPU Time (on all processors) ;
+---------------------------+--------------+-------------------------+---------------------+------------------------------------+
; Analysis & Synthesis      ; 00:00:39     ; 1.0                     ; 722 MB              ; 00:00:40                           ;
; Fitter                    ; 00:02:38     ; 1.0                     ; 905 MB              ; 00:02:38                           ;
; Assembler                 ; 00:00:02     ; 1.0                     ; 579 MB              ; 00:00:02                           ;
; TimeQuest Timing Analyzer ; 00:01:01     ; 1.0                     ; 791 MB              ; 00:01:01                           ;
; EDA Netlist Writer        ; 00:00:13     ; 1.0                     ; 916 MB              ; 00:00:14                           ;
; Total                     ; 00:04:33     ; --                      ; --                  ; 00:04:35                           ;
+---------------------------+--------------+-------------------------+---------------------+------------------------------------+


+-------------------------------------------------------------------------------------------------+
; Flow OS Summary                                                                                 ;
+---------------------------+----------------------+----------------+------------+----------------+
; Module Name               ; Machine Hostname     ; OS Name        ; OS Version ; Processor type ;
+---------------------------+----------------------+----------------+------------+----------------+
; Analysis & Synthesis      ; enrico-Inspiron-5457 ; Ubuntu 16.04.7 ; 16         ; x86_64         ;
; Fitter                    ; enrico-Inspiron-5457 ; Ubuntu 16.04.7 ; 16         ; x86_64         ;
; Assembler                 ; enrico-Inspiron-5457 ; Ubuntu 16.04.7 ; 16         ; x86_64         ;
; TimeQuest Timing Analyzer ; enrico-Inspiron-5457 ; Ubuntu 16.04.7 ; 16         ; x86_64         ;
; EDA Netlist Writer        ; enrico-Inspiron-5457 ; Ubuntu 16.04.7 ; 16         ; x86_64         ;
+---------------------------+----------------------+----------------+------------+----------------+


------------
; Flow Log ;
------------
quartus_map --read_settings_files=on --write_settings_files=off esmaga_senha -c esmaga_senha
quartus_fit --read_settings_files=off --write_settings_files=off esmaga_senha -c esmaga_senha
quartus_asm --read_settings_files=off --write_settings_files=off esmaga_senha -c esmaga_senha
quartus_sta esmaga_senha -c esmaga_senha
quartus_eda --read_settings_files=off --write_settings_files=off esmaga_senha -c esmaga_senha



